#
# There is insufficient memory for the Java Runtime Environment to continue.
# Native memory allocation (mmap) failed to map 134217728 bytes for G1 virtual space
# Possible reasons:
#   The system is out of physical RAM or swap space
#   The process is running with CompressedOops enabled, and the Java Heap may be blocking the growth of the native heap
# Possible solutions:
#   Reduce memory load on the system
#   Increase physical memory or swap space
#   Check if swap backing store is full
#   Decrease Java heap size (-Xmx/-Xms)
#   Decrease number of Java threads
#   Decrease Java thread stack sizes (-Xss)
#   Set larger code cache with -XX:ReservedCodeCacheSize=
#   JVM is running with Unscaled Compressed Oops mode in which the Java heap is
#     placed in the first 4GB address space. The Java Heap base address is the
#     maximum limit for the native heap growth. Please use -XX:HeapBaseMinAddress
#     to set the Java Heap base and to place the Java Heap above 4GB virtual address.
# This output file may be truncated or incomplete.
#
#  Out of Memory Error (os_windows.cpp:3527), pid=6304, tid=11380
#
# JRE version:  (19.0.1+10) (build )
# Java VM: OpenJDK 64-Bit Server VM (19.0.1+10-21, mixed mode, sharing, tiered, compressed oops, compressed class ptrs, g1 gc, windows-amd64)
# No core dump will be written. Minidumps are not enabled by default on client versions of Windows
#

---------------  S U M M A R Y ------------

Command Line: -javaagent:C:\Program Files\JetBrains\IntelliJ IDEA Community Edition 2022.2.3\lib\idea_rt.jar=12805:C:\Program Files\JetBrains\IntelliJ IDEA Community Edition 2022.2.3\bin -Dfile.encoding=UTF-8 -Dsun.stdout.encoding=UTF-8 -Dsun.stderr.encoding=UTF-8 Main

Host: Intel(R) Core(TM) i3-8130U CPU @ 2.20GHz, 4 cores, 7G,  Windows 10 , 64 bit Build 17763 (10.0.17763.2803)
Time: Fri Nov 11 11:36:02 2022 RTZ 2 (зима) elapsed time: 0.032177 seconds (0d 0h 0m 0s)

---------------  T H R E A D  ---------------

Current thread (0x00000240c9b94d70):  JavaThread "Unknown thread" [_thread_in_vm, id=11380, stack(0x0000006fa8a00000,0x0000006fa8b00000)]

Stack: [0x0000006fa8a00000,0x0000006fa8b00000]
Native frames: (J=compiled Java code, j=interpreted, Vv=VM code, C=native code)
V  [jvm.dll+0x6ee8fa]
V  [jvm.dll+0x857a1e]
V  [jvm.dll+0x85940e]
V  [jvm.dll+0x859ac3]
V  [jvm.dll+0x28291f]
V  [jvm.dll+0x6eb6e9]
V  [jvm.dll+0x6e028a]
V  [jvm.dll+0x357136]
V  [jvm.dll+0x35eb96]
V  [jvm.dll+0x3b555e]
V  [jvm.dll+0x3b578f]
V  [jvm.dll+0x32c6ea]
V  [jvm.dll+0x32d59e]
V  [jvm.dll+0x821b20]
V  [jvm.dll+0x3c27c1]
V  [jvm.dll+0x8022f1]
V  [jvm.dll+0x44b30f]
V  [jvm.dll+0x44cc91]
C  [jli.dll+0x5287]
C  [ucrtbase.dll+0x2268a]
C  [KERNEL32.DLL+0x17974]
C  [ntdll.dll+0x5a2f1]


---------------  P R O C E S S  ---------------

Threads class SMR info:
_java_thread_list=0x00007ffa53f8d048, length=0, elements={
}

Java Threads: ( => current thread )

Other Threads:
  0x00000240c9bf5a70 WorkerThread "GC Thread#0" [stack: 0x0000006fa8b00000,0x0000006fa8c00000] [id=10852]
  0x00000240c9c06980 ConcurrentGCThread "G1 Main Marker" [stack: 0x0000006fa8c00000,0x0000006fa8d00000] [id=304]
  0x00000240c9c07f70 WorkerThread "G1 Conc#0" [stack: 0x0000006fa8d00000,0x0000006fa8e00000] [id=12392]

[error occurred during error reporting (printing all threads), id 0xc0000005, EXCEPTION_ACCESS_VIOLATION (0xc0000005) at pc=0x00007ffa5374d127]

VM state: not at safepoint (not fully initialized)

VM Mutex/Monitor currently owned by a thread:  ([mutex/lock_event])
[0x00000240c9b92000] Heap_lock - owner thread: 0x00000240c9b94d70

Heap address: 0x0000000081600000, size: 2026 MB, Compressed Oops mode: 32-bit

CDS archive(s) mapped at: [0x0000000000000000-0x0000000000000000-0x0000000000000000), size 0, SharedBaseAddress: 0x0000000800000000, ArchiveRelocationMode: 0.
Narrow klass base: 0x0000000000000000, Narrow klass shift: 0, Narrow klass range: 0x0

GC Precious Log:
 CardTable entry size: 512
 Card Set container configuration: InlinePtr #cards 5 size 8 Array Of Cards #cards 12 size 40 Howl #buckets 4 coarsen threshold 1843 Howl Bitmap #cards 512 size 80 coarsen threshold 460 Card regions per heap region 1 cards per card region 2048

Heap:
 garbage-first heap   total 0K, used 0K [0x0000000081600000, 0x0000000100000000)
  region size 1024K, 0 young (0K), 0 survivors (0K)

[error occurred during error reporting (printing heap information), id 0xc0000005, EXCEPTION_ACCESS_VIOLATION (0xc0000005) at pc=0x00007ffa53b56959]

GC Heap History (0 events):
No events

Dll operation events (1 events):
Event: 0.015 Loaded shared library C:\Users\Alexey\.jdks\openjdk-19.0.1\bin\java.dll

Deoptimization events (0 events):
No events

Classes loaded (0 events):
No events

Classes unloaded (0 events):
No events

Classes redefined (0 events):
No events

Internal exceptions (0 events):
No events

VM Operations (0 events):
No events

Events (0 events):
No events


Dynamic libraries:
0x00007ff78e560000 - 0x00007ff78e56e000 	C:\Users\Alexey\.jdks\openjdk-19.0.1\bin\java.exe
0x00007ffaa2560000 - 0x00007ffaa274d000 	C:\Windows\SYSTEM32\ntdll.dll
0x00007ffa87cc0000 - 0x00007ffa87cd7000 	C:\Program Files\AVG\Antivirus\aswhook.dll
0x00007ffaa2490000 - 0x00007ffaa2544000 	C:\Windows\System32\KERNEL32.DLL
0x00007ffa9f3b0000 - 0x00007ffa9f644000 	C:\Windows\System32\KERNELBASE.dll
0x00007ffa9e6e0000 - 0x00007ffa9e7da000 	C:\Windows\System32\ucrtbase.dll
0x00007ffa82890000 - 0x00007ffa828a7000 	C:\Users\Alexey\.jdks\openjdk-19.0.1\bin\jli.dll
0x00007ffa820b0000 - 0x00007ffa820cb000 	C:\Users\Alexey\.jdks\openjdk-19.0.1\bin\VCRUNTIME140.dll
0x00007ffaa0080000 - 0x00007ffaa0217000 	C:\Windows\System32\USER32.dll
0x00007ffa9e620000 - 0x00007ffa9e640000 	C:\Windows\System32\win32u.dll
0x00007ffaa2380000 - 0x00007ffaa23a9000 	C:\Windows\System32\GDI32.dll
0x00007ffa85df0000 - 0x00007ffa86069000 	C:\Windows\WinSxS\amd64_microsoft.windows.common-controls_6595b64144ccf1df_6.0.17763.2803_none_de6d9ee8534e8a05\COMCTL32.dll
0x00007ffa9f210000 - 0x00007ffa9f3ac000 	C:\Windows\System32\gdi32full.dll
0x00007ffa9e640000 - 0x00007ffa9e6e0000 	C:\Windows\System32\msvcp_win.dll
0x00007ffa9fab0000 - 0x00007ffa9fb4e000 	C:\Windows\System32\msvcrt.dll
0x00007ffaa06c0000 - 0x00007ffaa09ed000 	C:\Windows\System32\combase.dll
0x00007ffa9f990000 - 0x00007ffa9faad000 	C:\Windows\System32\RPCRT4.dll
0x00007ffa9ea30000 - 0x00007ffa9eab2000 	C:\Windows\System32\bcryptPrimitives.dll
0x00007ffaa21f0000 - 0x00007ffaa221e000 	C:\Windows\System32\IMM32.DLL
0x00007ffa91d80000 - 0x00007ffa91d8c000 	C:\Users\Alexey\.jdks\openjdk-19.0.1\bin\vcruntime140_1.dll
0x00007ffa708f0000 - 0x00007ffa7097e000 	C:\Users\Alexey\.jdks\openjdk-19.0.1\bin\msvcp140.dll
0x00007ffa53410000 - 0x00007ffa540d0000 	C:\Users\Alexey\.jdks\openjdk-19.0.1\bin\server\jvm.dll
0x00007ffaa02b0000 - 0x00007ffaa0357000 	C:\Windows\System32\ADVAPI32.dll
0x00007ffa9fb60000 - 0x00007ffa9fbff000 	C:\Windows\System32\sechost.dll
0x00007ffa9bfa0000 - 0x00007ffa9bfc4000 	C:\Windows\SYSTEM32\WINMM.dll
0x00007ffa8f4b0000 - 0x00007ffa8f4b9000 	C:\Windows\SYSTEM32\WSOCK32.dll
0x00007ffaa1fa0000 - 0x00007ffaa200d000 	C:\Windows\System32\WS2_32.dll
0x00007ffa993e0000 - 0x00007ffa993ea000 	C:\Windows\SYSTEM32\VERSION.dll
0x00007ffa9bf30000 - 0x00007ffa9bf5d000 	C:\Windows\SYSTEM32\WINMMBASE.dll
0x00007ffa9e7e0000 - 0x00007ffa9e82a000 	C:\Windows\System32\cfgmgr32.dll
0x00007ffa9e550000 - 0x00007ffa9e561000 	C:\Windows\System32\kernel.appcore.dll
0x00007ffa91d30000 - 0x00007ffa91d3a000 	C:\Users\Alexey\.jdks\openjdk-19.0.1\bin\jimage.dll
0x00007ffa97f10000 - 0x00007ffa980fd000 	C:\Windows\SYSTEM32\DBGHELP.DLL
0x00007ffa97910000 - 0x00007ffa9793a000 	C:\Windows\SYSTEM32\dbgcore.DLL
0x00007ffa84740000 - 0x00007ffa8474e000 	C:\Users\Alexey\.jdks\openjdk-19.0.1\bin\instrument.dll
0x00007ffa82080000 - 0x00007ffa820a6000 	C:\Users\Alexey\.jdks\openjdk-19.0.1\bin\java.dll

dbghelp: loaded successfully - version: 4.0.5 - missing functions: none
symbol engine: initialized successfully - sym options: 0x614 - pdb path: .;C:\Users\Alexey\.jdks\openjdk-19.0.1\bin;C:\Windows\SYSTEM32;C:\Program Files\AVG\Antivirus;C:\Windows\WinSxS\amd64_microsoft.windows.common-controls_6595b64144ccf1df_6.0.17763.2803_none_de6d9ee8534e8a05;C:\Users\Alexey\.jdks\openjdk-19.0.1\bin\server

VM Arguments:
jvm_args: -javaagent:C:\Program Files\JetBrains\IntelliJ IDEA Community Edition 2022.2.3\lib\idea_rt.jar=12805:C:\Program Files\JetBrains\IntelliJ IDEA Community Edition 2022.2.3\bin -Dfile.encoding=UTF-8 -Dsun.stdout.encoding=UTF-8 -Dsun.stderr.encoding=UTF-8 
java_command: Main
java_class_path (initial): D:\Univercity\2_курс\Software Design\HomeWorks\HW1\fibonacci_numbers\out\production\fibonacci_numbers
Launcher Type: SUN_STANDARD

[Global flags]
     intx CICompilerCount                          = 3                                         {product} {ergonomic}
     uint ConcGCThreads                            = 1                                         {product} {ergonomic}
     uint G1ConcRefinementThreads                  = 4                                         {product} {ergonomic}
   size_t G1HeapRegionSize                         = 1048576                                   {product} {ergonomic}
    uintx GCDrainStackTargetSize                   = 64                                        {product} {ergonomic}
   size_t InitialHeapSize                          = 134217728                                 {product} {ergonomic}
   size_t MarkStackSize                            = 4194304                                   {product} {ergonomic}
   size_t MaxHeapSize                              = 2124414976                                {product} {ergonomic}
   size_t MinHeapDeltaBytes                        = 1048576                                   {product} {ergonomic}
   size_t MinHeapSize                              = 8388608                                   {product} {ergonomic}
    uintx NonNMethodCodeHeapSize                   = 5832780                                {pd product} {ergonomic}
    uintx NonProfiledCodeHeapSize                  = 122912730                              {pd product} {ergonomic}
    uintx ProfiledCodeHeapSize                     = 122912730                              {pd product} {ergonomic}
    uintx ReservedCodeCacheSize                    = 251658240                              {pd product} {ergonomic}
     bool SegmentedCodeCache                       = true                                      {product} {ergonomic}
   size_t SoftMaxHeapSize                          = 2124414976                             {manageable} {ergonomic}
     bool UseCompressedClassPointers               = true                           {product lp64_product} {ergonomic}
     bool UseCompressedOops                        = true                           {product lp64_product} {ergonomic}
     bool UseG1GC                                  = true                                      {product} {ergonomic}
     bool UseLargePagesIndividualAllocation        = false                                  {pd product} {ergonomic}

Logging:
Log output configuration:
 #0: stdout all=warning uptime,level,tags foldmultilines=false
 #1: stderr all=off uptime,level,tags foldmultilines=false

Environment Variables:
PATH=C:\ProgramData\Oracle\Java\javapath;C:\Windows\system32;C:\Windows;C:\Windows\System32\Wbem;C:\Windows\System32\WindowsPowerShell\v1.0\;C:\Program Files\dotnet\;C:\Program Files\MATLAB\R2022a\bin;C:\Program Files\MATLAB\R2021b\bin;C:\Program Files (x86)\Toshiba\Bluetooth Toshiba Stack\sys\;C:\Program Files (x86)\Toshiba\Bluetooth Toshiba Stack\sys\x64\;D:\games\bin;C:\Users\Alexey\AppData\Local\Microsoft\WindowsApps;C:\Users\Alexey\.dotnet\tools;E:\install\CLion 2021.3.4\bin;;E:\install\JetBrains Rider 2021.3.4\bin;
USERNAME=Alexey
OS=Windows_NT
PROCESSOR_IDENTIFIER=Intel64 Family 6 Model 142 Stepping 10, GenuineIntel
TMP=C:\Temp
TEMP=C:\Temp



---------------  S Y S T E M  ---------------

OS:
 Windows 10 , 64 bit Build 17763 (10.0.17763.2803)
OS uptime: 3 days 8:40 hours

CPU: total 4 (initial active 4) (2 cores per cpu, 2 threads per core) family 6 model 142 stepping 10 microcode 0xe0, cx8, cmov, fxsr, ht, mmx, 3dnowpref, sse, sse2, sse3, ssse3, sse4.1, sse4.2, popcnt, lzcnt, tsc, tscinvbit, avx, avx2, aes, erms, clmul, bmi1, bmi2, adx, fma, vzeroupper, clflush, clflushopt, rdtscp

Memory: 4k page, system-wide physical 8101M (276M free)
TotalPageFile size 8101M (AvailPageFile size 43M)
current process WorkingSet (physical memory assigned to process): 10M, peak: 10M
current process commit charge ("private bytes"): 52M, peak: 180M

vm_info: OpenJDK 64-Bit Server VM (19.0.1+10-21) for windows-amd64 JRE (19.0.1+10-21), built on 2022-09-14T12:45:06Z by "mach5one" with MS VC++ 17.1 (VS2022)

END.
